<?xml version="1.0" encoding="UTF-8" ?>
<testsuite errors="0" failures="0" hostname="DeathStar" name="de.soderer.utilities.json.JsonSchemaSuiteGitHubTest" skipped="0" tests="1" time="1.084" timestamp="2024-01-03T12:27:36">
  <properties>
    <property name="ant.library.dir" value="C:\Users\Andreas\.p2\pool\plugins\org.apache.ant_1.10.14.v20230922-1200\lib" />
    <property name="java.specification.version" value="17" />
    <property name="ant.project.name" value="Create all Jars for Project JsonReader" />
    <property name="sun.cpu.isalist" value="amd64" />
    <property name="sun.jnu.encoding" value="Cp1252" />
    <property name="java.class.path" value="C:\Users\Andreas\.p2\pool\plugins\org.apache.ant_1.10.14.v20230922-1200\lib\ant-antlr.jar;C:\Users\Andreas\.p2\pool\plugins\org.apache.ant_1.10.14.v20230922-1200\lib\ant-apache-bcel.jar;C:\Users\Andreas\.p2\pool\plugins\org.apache.ant_1.10.14.v20230922-1200\lib\ant-apache-bsf.jar;C:\Users\Andreas\.p2\pool\plugins\org.apache.ant_1.10.14.v20230922-1200\lib\ant-apache-log4j.jar;C:\Users\Andreas\.p2\pool\plugins\org.apache.ant_1.10.14.v20230922-1200\lib\ant-apache-oro.jar;C:\Users\Andreas\.p2\pool\plugins\org.apache.ant_1.10.14.v20230922-1200\lib\ant-apache-regexp.jar;C:\Users\Andreas\.p2\pool\plugins\org.apache.ant_1.10.14.v20230922-1200\lib\ant-apache-resolver.jar;C:\Users\Andreas\.p2\pool\plugins\org.apache.ant_1.10.14.v20230922-1200\lib\ant-apache-xalan2.jar;C:\Users\Andreas\.p2\pool\plugins\org.apache.ant_1.10.14.v20230922-1200\lib\ant-commons-logging.jar;C:\Users\Andreas\.p2\pool\plugins\org.apache.ant_1.10.14.v20230922-1200\lib\ant-commons-net.jar;C:\Users\Andreas\.p2\pool\plugins\org.apache.ant_1.10.14.v20230922-1200\lib\ant-imageio.jar;C:\Users\Andreas\.p2\pool\plugins\org.apache.ant_1.10.14.v20230922-1200\lib\ant-jakartamail.jar;C:\Users\Andreas\.p2\pool\plugins\org.apache.ant_1.10.14.v20230922-1200\lib\ant-javamail.jar;C:\Users\Andreas\.p2\pool\plugins\org.apache.ant_1.10.14.v20230922-1200\lib\ant-jdepend.jar;C:\Users\Andreas\.p2\pool\plugins\org.apache.ant_1.10.14.v20230922-1200\lib\ant-jmf.jar;C:\Users\Andreas\.p2\pool\plugins\org.apache.ant_1.10.14.v20230922-1200\lib\ant-jsch.jar;C:\Users\Andreas\.p2\pool\plugins\org.apache.ant_1.10.14.v20230922-1200\lib\ant-junit.jar;C:\Users\Andreas\.p2\pool\plugins\org.apache.ant_1.10.14.v20230922-1200\lib\ant-junit4.jar;C:\Users\Andreas\.p2\pool\plugins\org.apache.ant_1.10.14.v20230922-1200\lib\ant-junitlauncher.jar;C:\Users\Andreas\.p2\pool\plugins\org.apache.ant_1.10.14.v20230922-1200\lib\ant-launcher.jar;C:\Users\Andreas\.p2\pool\plugins\org.apache.ant_1.10.14.v20230922-1200\lib\ant-netrexx.jar;C:\Users\Andreas\.p2\pool\plugins\org.apache.ant_1.10.14.v20230922-1200\lib\ant-swing.jar;C:\Users\Andreas\.p2\pool\plugins\org.apache.ant_1.10.14.v20230922-1200\lib\ant-testutil.jar;C:\Users\Andreas\.p2\pool\plugins\org.apache.ant_1.10.14.v20230922-1200\lib\ant-xz.jar;C:\Users\Andreas\.p2\pool\plugins\org.apache.ant_1.10.14.v20230922-1200\lib\ant.jar;C:\Users\Andreas\eclipse\java-2021-12\eclipse\configuration\org.eclipse.osgi\2171\0\.cp\lib\antdebug.jar;C:\Users\Andreas\eclipse\java-2021-12\eclipse\configuration\org.eclipse.osgi\2171\0\.cp\lib\remote.jar;C:\Users\Andreas\eclipse\java-2021-12\eclipse\configuration\org.eclipse.osgi\2172\0\.cp\lib\remoteAnt.jar;C:\Users\Andreas\.p2\pool\plugins\org.eclipse.swt.win32.win32.x86_64_3.124.200.v20231113-1355.jar" />
    <property name="java.vm.vendor" value="Eclipse Adoptium" />
    <property name="sun.arch.data.model" value="64" />
    <property name="user.variant" value="" />
    <property name="java.vendor.url" value="https://adoptium.net/" />
    <property name="java.vm.specification.version" value="17" />
    <property name="os.name" value="Windows 11" />
    <property name="user.country" value="DE" />
    <property name="sun.java.launcher" value="SUN_STANDARD" />
    <property name="sun.boot.library.path" value="C:\Program Files\Java\openjdk\jdk-17.0.2\bin" />
    <property name="sun.java.command" value="org.eclipse.ant.internal.launching.remote.InternalAntRunner -Dorg.eclipse.ant.core.ANT_PROCESS_ID=1704284852459 -Declipse.connect.port=56304 -Dant.home=C:\Users\Andreas\.p2\pool\plugins\org.apache.ant_1.10.14.v20230922-1200 -Djava.security.manager=allow -logger org.eclipse.ant.internal.launching.remote.logger.RemoteAntBuildLogger -inputhandler org.eclipse.ant.internal.ui.antsupport.inputhandler.ProxyInputHandler -buildfile C:\Users\Andreas\git\JSON\build.xml" />
    <property name="ant.file.type.Create all Jars for Project JsonReader" value="file" />
    <property name="jdk.debug" value="release" />
    <property name="sun.cpu.endian" value="little" />
    <property name="user.home" value="C:\Users\Andreas" />
    <property name="user.language" value="de" />
    <property name="java.specification.vendor" value="Oracle Corporation" />
    <property name="java.version.date" value="2022-01-18" />
    <property name="java.home" value="C:\Program Files\Java\openjdk\jdk-17.0.2" />
    <property name="version" value="23.4.0" />
    <property name="basedir" value="C:\Users\Andreas\git\JSON" />
    <property name="file.separator" value="\" />
    <property name="java.vm.compressedOopsMode" value="Zero based" />
    <property name="line.separator" value="&#xd;&#xa;" />
    <property name="ant.java.version" value="17" />
    <property name="java.specification.name" value="Java Platform API Specification" />
    <property name="java.vm.specification.vendor" value="Oracle Corporation" />
    <property name="projectsPath" value="C:\Users\Andreas/git" />
    <property name="user.script" value="" />
    <property name="sun.management.compiler" value="HotSpot 64-Bit Tiered Compilers" />
    <property name="java.runtime.version" value="17.0.2+8" />
    <property name="java.security.manager" value="allow" />
    <property name="user.name" value="Andreas" />
    <property name="ant.file" value="C:\Users\Andreas\git\JSON\build.xml" />
    <property name="stdout.encoding" value="UTF-8" />
    <property name="path.separator" value=";" />
    <property name="os.version" value="10.0" />
    <property name="buildPath" value="build" />
    <property name="java.runtime.name" value="OpenJDK Runtime Environment" />
    <property name="file.encoding" value="UTF-8" />
    <property name="ant.project.invoked-targets" value="build_jar" />
    <property name="java.vm.name" value="OpenJDK 64-Bit Server VM" />
    <property name="java.vendor.version" value="Temurin-17.0.2+8" />
    <property name="ant.core.lib" value="C:\Users\Andreas\.p2\pool\plugins\org.apache.ant_1.10.14.v20230922-1200\lib\ant.jar" />
    <property name="java.vendor.url.bug" value="https://github.com/adoptium/adoptium-support/issues" />
    <property name="java.io.tmpdir" value="C:\Users\Andreas\AppData\Local\Temp\" />
    <property name="java.version" value="17.0.2" />
    <property name="user.dir" value="C:\Users\Andreas\git\JSON" />
    <property name="os.arch" value="amd64" />
    <property name="java.vm.specification.name" value="Java Virtual Machine Specification" />
    <property name="ant.home" value="C:\Users\Andreas\.p2\pool\plugins\org.apache.ant_1.10.14.v20230922-1200" />
    <property name="sun.os.patch.level" value="" />
    <property name="native.encoding" value="Cp1252" />
    <property name="ant.version" value="Apache Ant(TM) version 1.10.14 compiled on August 16 2023" />
    <property name="java.library.path" value="C:\Users\Andreas\eclipse\java-2021-12\eclipse;C:\WINDOWS\Sun\Java\bin;C:\WINDOWS\system32;C:\WINDOWS;C:\windows\system32;C:\windows;C:\windows\System32\Wbem;C:\windows\System32\WindowsPowerShell\v1.0\;C:\windows\System32\OpenSSH\;C:\Program Files (x86)\NVIDIA Corporation\PhysX\Common;C:\Program Files\NVIDIA Corporation\NVIDIA NvDLISR;C:\Program Files\dotnet\;C:\Program Files\PuTTY\;C:\Program Files\IDM Computer Solutions\UltraEdit;C:\WINDOWS\system32;C:\WINDOWS;C:\WINDOWS\System32\Wbem;C:\WINDOWS\System32\WindowsPowerShell\v1.0\;C:\WINDOWS\System32\OpenSSH\;C:\Users\Andreas\AppData\Local\Microsoft\WindowsApps;C:\Program Files\Java\openjdk\jdk-17.0.2\bin;;.;C:\Users\Andreas\eclipse\java-2021-12\eclipse\configuration\org.eclipse.osgi\2329\0\.cp" />
    <property name="java.vendor" value="Eclipse Adoptium" />
    <property name="stderr.encoding" value="UTF-8" />
    <property name="java.vm.info" value="mixed mode, sharing" />
    <property name="java.vm.version" value="17.0.2+8" />
    <property name="sun.io.unicode.encoding" value="UnicodeLittle" />
    <property name="java.class.version" value="61.0" />
    <property name="ant.file.Create all Jars for Project JsonReader" value="C:\Users\Andreas\git\JSON\build.xml" />
    <property name="ant.project.default-target" value="build_jar" />
  </properties>
  <testcase classname="de.soderer.utilities.json.JsonSchemaSuiteGitHubTest" name="testGitHubTestSuite" time="1.083" />
  <system-out><![CDATA[Directory: JSON-Schema-Test-Suite-23.1.0/tests/draft3
File: JSON-Schema-Test-Suite-23.1.0/tests/draft3/additionalItems.json PASSED: 13
File: JSON-Schema-Test-Suite-23.1.0/tests/draft3/additionalProperties.json PASSED: 16
File: JSON-Schema-Test-Suite-23.1.0/tests/draft3/default.json PASSED: 7
File: JSON-Schema-Test-Suite-23.1.0/tests/draft3/dependencies.json PASSED: 18
File: JSON-Schema-Test-Suite-23.1.0/tests/draft3/disallow.json PASSED: 9
File: JSON-Schema-Test-Suite-23.1.0/tests/draft3/divisibleBy.json PASSED: 8
File: JSON-Schema-Test-Suite-23.1.0/tests/draft3/enum.json PASSED: 16
File: JSON-Schema-Test-Suite-23.1.0/tests/draft3/extends.json PASSED: 8 SKIPPED: 2
File: JSON-Schema-Test-Suite-23.1.0/tests/draft3/format.json PASSED: 60
File: JSON-Schema-Test-Suite-23.1.0/tests/draft3/infinite-loop-detection.json PASSED: 2
File: JSON-Schema-Test-Suite-23.1.0/tests/draft3/items.json PASSED: 7
File: JSON-Schema-Test-Suite-23.1.0/tests/draft3/maxItems.json PASSED: 4
File: JSON-Schema-Test-Suite-23.1.0/tests/draft3/maxLength.json PASSED: 5
File: JSON-Schema-Test-Suite-23.1.0/tests/draft3/maximum.json PASSED: 14
File: JSON-Schema-Test-Suite-23.1.0/tests/draft3/minItems.json PASSED: 4
File: JSON-Schema-Test-Suite-23.1.0/tests/draft3/minLength.json PASSED: 5
File: JSON-Schema-Test-Suite-23.1.0/tests/draft3/minimum.json PASSED: 13
File: JSON-Schema-Test-Suite-23.1.0/tests/draft3/optional/bignum.json PASSED: 9
File: JSON-Schema-Test-Suite-23.1.0/tests/draft3/optional/ecmascript-regex.json PASSED: 0 SKIPPED: 2
File: JSON-Schema-Test-Suite-23.1.0/tests/draft3/optional/format/color.json PASSED: 6
File: JSON-Schema-Test-Suite-23.1.0/tests/draft3/optional/format/date-time.json PASSED: 6
File: JSON-Schema-Test-Suite-23.1.0/tests/draft3/optional/format/date.json PASSED: 32
File: JSON-Schema-Test-Suite-23.1.0/tests/draft3/optional/format/email.json PASSED: 9
File: JSON-Schema-Test-Suite-23.1.0/tests/draft3/optional/format/host-name.json PASSED: 11
File: JSON-Schema-Test-Suite-23.1.0/tests/draft3/optional/format/ip-address.json PASSED: 3
File: JSON-Schema-Test-Suite-23.1.0/tests/draft3/optional/format/ipv6.json PASSED: 11 SKIPPED: 1
File: JSON-Schema-Test-Suite-23.1.0/tests/draft3/optional/format/regex.json PASSED: 2
File: JSON-Schema-Test-Suite-23.1.0/tests/draft3/optional/format/time.json PASSED: 2
File: JSON-Schema-Test-Suite-23.1.0/tests/draft3/optional/format/uri.json PASSED: 2 SKIPPED: 2
File: JSON-Schema-Test-Suite-23.1.0/tests/draft3/optional/non-bmp-regex.json PASSED: 12
File: JSON-Schema-Test-Suite-23.1.0/tests/draft3/optional/zeroTerminatedFloats.json PASSED: 1
File: JSON-Schema-Test-Suite-23.1.0/tests/draft3/pattern.json PASSED: 9
File: JSON-Schema-Test-Suite-23.1.0/tests/draft3/patternProperties.json PASSED: 17
File: JSON-Schema-Test-Suite-23.1.0/tests/draft3/properties.json PASSED: 15
File: JSON-Schema-Test-Suite-23.1.0/tests/draft3/ref.json PASSED: 24 SKIPPED: 1
File: JSON-Schema-Test-Suite-23.1.0/tests/draft3/refRemote.json PASSED: 2 SKIPPED: 2
File: JSON-Schema-Test-Suite-23.1.0/tests/draft3/required.json PASSED: 4
File: JSON-Schema-Test-Suite-23.1.0/tests/draft3/type.json PASSED: 80
File: JSON-Schema-Test-Suite-23.1.0/tests/draft3/uniqueItems.json PASSED: 62
PASSED: 528 SKIPPED: 10

Directory: JSON-Schema-Test-Suite-23.1.0/tests/draft4
File: JSON-Schema-Test-Suite-23.1.0/tests/draft4/additionalItems.json PASSED: 16
File: JSON-Schema-Test-Suite-23.1.0/tests/draft4/additionalProperties.json PASSED: 16
File: JSON-Schema-Test-Suite-23.1.0/tests/draft4/allOf.json PASSED: 27
File: JSON-Schema-Test-Suite-23.1.0/tests/draft4/anyOf.json PASSED: 15
File: JSON-Schema-Test-Suite-23.1.0/tests/draft4/default.json PASSED: 7
File: JSON-Schema-Test-Suite-23.1.0/tests/draft4/definitions.json PASSED: 2
File: JSON-Schema-Test-Suite-23.1.0/tests/draft4/dependencies.json PASSED: 29
File: JSON-Schema-Test-Suite-23.1.0/tests/draft4/enum.json PASSED: 33
File: JSON-Schema-Test-Suite-23.1.0/tests/draft4/format.json PASSED: 36
File: JSON-Schema-Test-Suite-23.1.0/tests/draft4/id.json PASSED: 0
File: JSON-Schema-Test-Suite-23.1.0/tests/draft4/infinite-loop-detection.json PASSED: 2
File: JSON-Schema-Test-Suite-23.1.0/tests/draft4/items.json PASSED: 21
File: JSON-Schema-Test-Suite-23.1.0/tests/draft4/maxItems.json PASSED: 4
File: JSON-Schema-Test-Suite-23.1.0/tests/draft4/maxLength.json PASSED: 5
File: JSON-Schema-Test-Suite-23.1.0/tests/draft4/maxProperties.json PASSED: 8
File: JSON-Schema-Test-Suite-23.1.0/tests/draft4/maximum.json PASSED: 14
File: JSON-Schema-Test-Suite-23.1.0/tests/draft4/minItems.json PASSED: 4
File: JSON-Schema-Test-Suite-23.1.0/tests/draft4/minLength.json PASSED: 5
File: JSON-Schema-Test-Suite-23.1.0/tests/draft4/minProperties.json PASSED: 6
File: JSON-Schema-Test-Suite-23.1.0/tests/draft4/minimum.json PASSED: 17
File: JSON-Schema-Test-Suite-23.1.0/tests/draft4/multipleOf.json PASSED: 10
File: JSON-Schema-Test-Suite-23.1.0/tests/draft4/not.json PASSED: 10
File: JSON-Schema-Test-Suite-23.1.0/tests/draft4/oneOf.json PASSED: 23
File: JSON-Schema-Test-Suite-23.1.0/tests/draft4/optional/bignum.json PASSED: 9
File: JSON-Schema-Test-Suite-23.1.0/tests/draft4/optional/ecmascript-regex.json PASSED: 51 SKIPPED: 16
File: JSON-Schema-Test-Suite-23.1.0/tests/draft4/optional/float-overflow.json PASSED: 1
File: JSON-Schema-Test-Suite-23.1.0/tests/draft4/optional/format/date-time.json PASSED: 23 SKIPPED: 2
File: JSON-Schema-Test-Suite-23.1.0/tests/draft4/optional/format/email.json PASSED: 15
File: JSON-Schema-Test-Suite-23.1.0/tests/draft4/optional/format/hostname.json PASSED: 18
File: JSON-Schema-Test-Suite-23.1.0/tests/draft4/optional/format/ipv4.json PASSED: 14 SKIPPED: 1
File: JSON-Schema-Test-Suite-23.1.0/tests/draft4/optional/format/ipv6.json PASSED: 37 SKIPPED: 3
File: JSON-Schema-Test-Suite-23.1.0/tests/draft4/optional/format/unknown.json PASSED: 7
File: JSON-Schema-Test-Suite-23.1.0/tests/draft4/optional/format/uri.json PASSED: 23 SKIPPED: 3
File: JSON-Schema-Test-Suite-23.1.0/tests/draft4/optional/non-bmp-regex.json PASSED: 12
File: JSON-Schema-Test-Suite-23.1.0/tests/draft4/optional/zeroTerminatedFloats.json PASSED: 1
File: JSON-Schema-Test-Suite-23.1.0/tests/draft4/pattern.json PASSED: 9
File: JSON-Schema-Test-Suite-23.1.0/tests/draft4/patternProperties.json PASSED: 18
File: JSON-Schema-Test-Suite-23.1.0/tests/draft4/properties.json PASSED: 24
File: JSON-Schema-Test-Suite-23.1.0/tests/draft4/ref.json PASSED: 36 SKIPPED: 5
File: JSON-Schema-Test-Suite-23.1.0/tests/draft4/refRemote.json PASSED: 6 SKIPPED: 7
File: JSON-Schema-Test-Suite-23.1.0/tests/draft4/required.json PASSED: 15
File: JSON-Schema-Test-Suite-23.1.0/tests/draft4/type.json PASSED: 79
File: JSON-Schema-Test-Suite-23.1.0/tests/draft4/uniqueItems.json PASSED: 69
PASSED: 777 SKIPPED: 37

Directory: JSON-Schema-Test-Suite-23.1.0/tests/draft6
File: JSON-Schema-Test-Suite-23.1.0/tests/draft6/additionalItems.json PASSED: 18
File: JSON-Schema-Test-Suite-23.1.0/tests/draft6/additionalProperties.json PASSED: 16
File: JSON-Schema-Test-Suite-23.1.0/tests/draft6/allOf.json PASSED: 30
File: JSON-Schema-Test-Suite-23.1.0/tests/draft6/anyOf.json PASSED: 18
File: JSON-Schema-Test-Suite-23.1.0/tests/draft6/boolean_schema.json PASSED: 18
File: JSON-Schema-Test-Suite-23.1.0/tests/draft6/const.json PASSED: 49 SKIPPED: 1
File: JSON-Schema-Test-Suite-23.1.0/tests/draft6/contains.json PASSED: 19
File: JSON-Schema-Test-Suite-23.1.0/tests/draft6/default.json PASSED: 7
File: JSON-Schema-Test-Suite-23.1.0/tests/draft6/definitions.json PASSED: 2
File: JSON-Schema-Test-Suite-23.1.0/tests/draft6/dependencies.json PASSED: 36
File: JSON-Schema-Test-Suite-23.1.0/tests/draft6/enum.json PASSED: 33
File: JSON-Schema-Test-Suite-23.1.0/tests/draft6/exclusiveMaximum.json PASSED: 4
File: JSON-Schema-Test-Suite-23.1.0/tests/draft6/exclusiveMinimum.json PASSED: 4
File: JSON-Schema-Test-Suite-23.1.0/tests/draft6/format.json PASSED: 54
File: JSON-Schema-Test-Suite-23.1.0/tests/draft6/id.json PASSED: 4
File: JSON-Schema-Test-Suite-23.1.0/tests/draft6/infinite-loop-detection.json PASSED: 2
File: JSON-Schema-Test-Suite-23.1.0/tests/draft6/items.json PASSED: 28
File: JSON-Schema-Test-Suite-23.1.0/tests/draft6/maxItems.json PASSED: 6
File: JSON-Schema-Test-Suite-23.1.0/tests/draft6/maxLength.json PASSED: 7
File: JSON-Schema-Test-Suite-23.1.0/tests/draft6/maxProperties.json PASSED: 10
File: JSON-Schema-Test-Suite-23.1.0/tests/draft6/maximum.json PASSED: 8
File: JSON-Schema-Test-Suite-23.1.0/tests/draft6/minItems.json PASSED: 6
File: JSON-Schema-Test-Suite-23.1.0/tests/draft6/minLength.json PASSED: 7
File: JSON-Schema-Test-Suite-23.1.0/tests/draft6/minProperties.json PASSED: 8
File: JSON-Schema-Test-Suite-23.1.0/tests/draft6/minimum.json PASSED: 11
File: JSON-Schema-Test-Suite-23.1.0/tests/draft6/multipleOf.json PASSED: 10
File: JSON-Schema-Test-Suite-23.1.0/tests/draft6/not.json PASSED: 12
File: JSON-Schema-Test-Suite-23.1.0/tests/draft6/oneOf.json PASSED: 27
File: JSON-Schema-Test-Suite-23.1.0/tests/draft6/optional/bignum.json PASSED: 9
File: JSON-Schema-Test-Suite-23.1.0/tests/draft6/optional/ecmascript-regex.json PASSED: 41 SKIPPED: 16
File: JSON-Schema-Test-Suite-23.1.0/tests/draft6/optional/float-overflow.json PASSED: 1
File: JSON-Schema-Test-Suite-23.1.0/tests/draft6/optional/format/date-time.json PASSED: 23 SKIPPED: 2
File: JSON-Schema-Test-Suite-23.1.0/tests/draft6/optional/format/email.json PASSED: 15
File: JSON-Schema-Test-Suite-23.1.0/tests/draft6/optional/format/hostname.json PASSED: 18
File: JSON-Schema-Test-Suite-23.1.0/tests/draft6/optional/format/ipv4.json PASSED: 14 SKIPPED: 1
File: JSON-Schema-Test-Suite-23.1.0/tests/draft6/optional/format/ipv6.json PASSED: 37 SKIPPED: 3
File: JSON-Schema-Test-Suite-23.1.0/tests/draft6/optional/format/json-pointer.json PASSED: 26 SKIPPED: 12
File: JSON-Schema-Test-Suite-23.1.0/tests/draft6/optional/format/unknown.json PASSED: 7
File: JSON-Schema-Test-Suite-23.1.0/tests/draft6/optional/format/uri-reference.json PASSED: 11 SKIPPED: 2
File: JSON-Schema-Test-Suite-23.1.0/tests/draft6/optional/format/uri-template.json PASSED: 9 SKIPPED: 1
File: JSON-Schema-Test-Suite-23.1.0/tests/draft6/optional/format/uri.json PASSED: 23 SKIPPED: 3
File: JSON-Schema-Test-Suite-23.1.0/tests/draft6/optional/non-bmp-regex.json PASSED: 12
File: JSON-Schema-Test-Suite-23.1.0/tests/draft6/pattern.json PASSED: 9
File: JSON-Schema-Test-Suite-23.1.0/tests/draft6/patternProperties.json PASSED: 23
File: JSON-Schema-Test-Suite-23.1.0/tests/draft6/properties.json PASSED: 28
File: JSON-Schema-Test-Suite-23.1.0/tests/draft6/propertyNames.json PASSED: 13
File: JSON-Schema-Test-Suite-23.1.0/tests/draft6/ref.json PASSED: 48 SKIPPED: 8
File: JSON-Schema-Test-Suite-23.1.0/tests/draft6/refRemote.json PASSED: 6 SKIPPED: 7
File: JSON-Schema-Test-Suite-23.1.0/tests/draft6/required.json PASSED: 16
File: JSON-Schema-Test-Suite-23.1.0/tests/draft6/type.json PASSED: 80
File: JSON-Schema-Test-Suite-23.1.0/tests/draft6/uniqueItems.json PASSED: 69
File: JSON-Schema-Test-Suite-23.1.0/tests/draft6/unknownKeyword.json PASSED: 0
PASSED: 992 SKIPPED: 56

Directory: JSON-Schema-Test-Suite-23.1.0/tests/draft7
File: JSON-Schema-Test-Suite-23.1.0/tests/draft7/additionalItems.json PASSED: 18
File: JSON-Schema-Test-Suite-23.1.0/tests/draft7/additionalProperties.json PASSED: 16
File: JSON-Schema-Test-Suite-23.1.0/tests/draft7/allOf.json PASSED: 30
File: JSON-Schema-Test-Suite-23.1.0/tests/draft7/anyOf.json PASSED: 18
File: JSON-Schema-Test-Suite-23.1.0/tests/draft7/boolean_schema.json PASSED: 18
File: JSON-Schema-Test-Suite-23.1.0/tests/draft7/const.json PASSED: 49 SKIPPED: 1
File: JSON-Schema-Test-Suite-23.1.0/tests/draft7/contains.json PASSED: 21
File: JSON-Schema-Test-Suite-23.1.0/tests/draft7/default.json PASSED: 7
File: JSON-Schema-Test-Suite-23.1.0/tests/draft7/definitions.json PASSED: 2
File: JSON-Schema-Test-Suite-23.1.0/tests/draft7/dependencies.json PASSED: 36
File: JSON-Schema-Test-Suite-23.1.0/tests/draft7/enum.json PASSED: 33
File: JSON-Schema-Test-Suite-23.1.0/tests/draft7/exclusiveMaximum.json PASSED: 4
File: JSON-Schema-Test-Suite-23.1.0/tests/draft7/exclusiveMinimum.json PASSED: 4
File: JSON-Schema-Test-Suite-23.1.0/tests/draft7/format.json PASSED: 102
File: JSON-Schema-Test-Suite-23.1.0/tests/draft7/id.json PASSED: 4
File: JSON-Schema-Test-Suite-23.1.0/tests/draft7/if-then-else.json PASSED: 26
File: JSON-Schema-Test-Suite-23.1.0/tests/draft7/infinite-loop-detection.json PASSED: 2
File: JSON-Schema-Test-Suite-23.1.0/tests/draft7/items.json PASSED: 28
File: JSON-Schema-Test-Suite-23.1.0/tests/draft7/maxItems.json PASSED: 6
File: JSON-Schema-Test-Suite-23.1.0/tests/draft7/maxLength.json PASSED: 7
File: JSON-Schema-Test-Suite-23.1.0/tests/draft7/maxProperties.json PASSED: 10
File: JSON-Schema-Test-Suite-23.1.0/tests/draft7/maximum.json PASSED: 8
File: JSON-Schema-Test-Suite-23.1.0/tests/draft7/minItems.json PASSED: 6
File: JSON-Schema-Test-Suite-23.1.0/tests/draft7/minLength.json PASSED: 7
File: JSON-Schema-Test-Suite-23.1.0/tests/draft7/minProperties.json PASSED: 8
File: JSON-Schema-Test-Suite-23.1.0/tests/draft7/minimum.json PASSED: 11
File: JSON-Schema-Test-Suite-23.1.0/tests/draft7/multipleOf.json PASSED: 10
File: JSON-Schema-Test-Suite-23.1.0/tests/draft7/not.json PASSED: 12
File: JSON-Schema-Test-Suite-23.1.0/tests/draft7/oneOf.json PASSED: 27
File: JSON-Schema-Test-Suite-23.1.0/tests/draft7/optional/bignum.json PASSED: 9
File: JSON-Schema-Test-Suite-23.1.0/tests/draft7/optional/content.json PASSED: 10
File: JSON-Schema-Test-Suite-23.1.0/tests/draft7/optional/cross-draft.json PASSED: 0
File: JSON-Schema-Test-Suite-23.1.0/tests/draft7/optional/ecmascript-regex.json PASSED: 41 SKIPPED: 16
File: JSON-Schema-Test-Suite-23.1.0/tests/draft7/optional/float-overflow.json PASSED: 1
File: JSON-Schema-Test-Suite-23.1.0/tests/draft7/optional/format/date-time.json PASSED: 23 SKIPPED: 2
File: JSON-Schema-Test-Suite-23.1.0/tests/draft7/optional/format/date.json PASSED: 47
File: JSON-Schema-Test-Suite-23.1.0/tests/draft7/optional/format/email.json PASSED: 15
File: JSON-Schema-Test-Suite-23.1.0/tests/draft7/optional/format/hostname.json PASSED: 18
File: JSON-Schema-Test-Suite-23.1.0/tests/draft7/optional/format/idn-email.json PASSED: 10
File: JSON-Schema-Test-Suite-23.1.0/tests/draft7/optional/format/idn-hostname.json PASSED: 32 SKIPPED: 19
File: JSON-Schema-Test-Suite-23.1.0/tests/draft7/optional/format/ipv4.json PASSED: 14 SKIPPED: 1
File: JSON-Schema-Test-Suite-23.1.0/tests/draft7/optional/format/ipv6.json PASSED: 37 SKIPPED: 3
File: JSON-Schema-Test-Suite-23.1.0/tests/draft7/optional/format/iri-reference.json PASSED: 11 SKIPPED: 2
File: JSON-Schema-Test-Suite-23.1.0/tests/draft7/optional/format/iri.json PASSED: 12 SKIPPED: 3
File: JSON-Schema-Test-Suite-23.1.0/tests/draft7/optional/format/json-pointer.json PASSED: 26 SKIPPED: 12
File: JSON-Schema-Test-Suite-23.1.0/tests/draft7/optional/format/regex.json PASSED: 8
File: JSON-Schema-Test-Suite-23.1.0/tests/draft7/optional/format/relative-json-pointer.json PASSED: 11 SKIPPED: 7
File: JSON-Schema-Test-Suite-23.1.0/tests/draft7/optional/format/time.json PASSED: 34 SKIPPED: 11
File: JSON-Schema-Test-Suite-23.1.0/tests/draft7/optional/format/unknown.json PASSED: 7
File: JSON-Schema-Test-Suite-23.1.0/tests/draft7/optional/format/uri-reference.json PASSED: 11 SKIPPED: 2
File: JSON-Schema-Test-Suite-23.1.0/tests/draft7/optional/format/uri-template.json PASSED: 9 SKIPPED: 1
File: JSON-Schema-Test-Suite-23.1.0/tests/draft7/optional/format/uri.json PASSED: 23 SKIPPED: 3
File: JSON-Schema-Test-Suite-23.1.0/tests/draft7/optional/non-bmp-regex.json PASSED: 12
File: JSON-Schema-Test-Suite-23.1.0/tests/draft7/pattern.json PASSED: 9
File: JSON-Schema-Test-Suite-23.1.0/tests/draft7/patternProperties.json PASSED: 23
File: JSON-Schema-Test-Suite-23.1.0/tests/draft7/properties.json PASSED: 28
File: JSON-Schema-Test-Suite-23.1.0/tests/draft7/propertyNames.json PASSED: 13
File: JSON-Schema-Test-Suite-23.1.0/tests/draft7/ref.json PASSED: 48 SKIPPED: 8
File: JSON-Schema-Test-Suite-23.1.0/tests/draft7/refRemote.json PASSED: 6 SKIPPED: 7
File: JSON-Schema-Test-Suite-23.1.0/tests/draft7/required.json PASSED: 16
File: JSON-Schema-Test-Suite-23.1.0/tests/draft7/type.json PASSED: 80
File: JSON-Schema-Test-Suite-23.1.0/tests/draft7/uniqueItems.json PASSED: 69
File: JSON-Schema-Test-Suite-23.1.0/tests/draft7/unknownKeyword.json PASSED: 0
PASSED: 1243 SKIPPED: 98

SKIPPED schema test collections: 47
TESTS: 3741
Overall PASSED: 3540 (95%) SKIPPED: 201 (5%)
]]></system-out>
  <system-err><![CDATA[]]></system-err>
</testsuite>
