<?xml version="1.0" encoding="UTF-8" ?>
<testsuite errors="1" failures="0" hostname="DeathStar" name="de.soderer.utilities.json.JsonSchemaSuiteGitHubTest" skipped="0" tests="1" time="0.867" timestamp="2024-01-02T14:58:25">
  <properties>
    <property name="ant.library.dir" value="C:\Users\Andreas\.p2\pool\plugins\org.apache.ant_1.10.14.v20230922-1200\lib" />
    <property name="java.specification.version" value="17" />
    <property name="ant.project.name" value="Create all Jars for Project JsonReader" />
    <property name="sun.cpu.isalist" value="amd64" />
    <property name="sun.jnu.encoding" value="Cp1252" />
    <property name="java.class.path" value="C:\Users\Andreas\.p2\pool\plugins\org.apache.ant_1.10.14.v20230922-1200\lib\ant-antlr.jar;C:\Users\Andreas\.p2\pool\plugins\org.apache.ant_1.10.14.v20230922-1200\lib\ant-apache-bcel.jar;C:\Users\Andreas\.p2\pool\plugins\org.apache.ant_1.10.14.v20230922-1200\lib\ant-apache-bsf.jar;C:\Users\Andreas\.p2\pool\plugins\org.apache.ant_1.10.14.v20230922-1200\lib\ant-apache-log4j.jar;C:\Users\Andreas\.p2\pool\plugins\org.apache.ant_1.10.14.v20230922-1200\lib\ant-apache-oro.jar;C:\Users\Andreas\.p2\pool\plugins\org.apache.ant_1.10.14.v20230922-1200\lib\ant-apache-regexp.jar;C:\Users\Andreas\.p2\pool\plugins\org.apache.ant_1.10.14.v20230922-1200\lib\ant-apache-resolver.jar;C:\Users\Andreas\.p2\pool\plugins\org.apache.ant_1.10.14.v20230922-1200\lib\ant-apache-xalan2.jar;C:\Users\Andreas\.p2\pool\plugins\org.apache.ant_1.10.14.v20230922-1200\lib\ant-commons-logging.jar;C:\Users\Andreas\.p2\pool\plugins\org.apache.ant_1.10.14.v20230922-1200\lib\ant-commons-net.jar;C:\Users\Andreas\.p2\pool\plugins\org.apache.ant_1.10.14.v20230922-1200\lib\ant-imageio.jar;C:\Users\Andreas\.p2\pool\plugins\org.apache.ant_1.10.14.v20230922-1200\lib\ant-jakartamail.jar;C:\Users\Andreas\.p2\pool\plugins\org.apache.ant_1.10.14.v20230922-1200\lib\ant-javamail.jar;C:\Users\Andreas\.p2\pool\plugins\org.apache.ant_1.10.14.v20230922-1200\lib\ant-jdepend.jar;C:\Users\Andreas\.p2\pool\plugins\org.apache.ant_1.10.14.v20230922-1200\lib\ant-jmf.jar;C:\Users\Andreas\.p2\pool\plugins\org.apache.ant_1.10.14.v20230922-1200\lib\ant-jsch.jar;C:\Users\Andreas\.p2\pool\plugins\org.apache.ant_1.10.14.v20230922-1200\lib\ant-junit.jar;C:\Users\Andreas\.p2\pool\plugins\org.apache.ant_1.10.14.v20230922-1200\lib\ant-junit4.jar;C:\Users\Andreas\.p2\pool\plugins\org.apache.ant_1.10.14.v20230922-1200\lib\ant-junitlauncher.jar;C:\Users\Andreas\.p2\pool\plugins\org.apache.ant_1.10.14.v20230922-1200\lib\ant-launcher.jar;C:\Users\Andreas\.p2\pool\plugins\org.apache.ant_1.10.14.v20230922-1200\lib\ant-netrexx.jar;C:\Users\Andreas\.p2\pool\plugins\org.apache.ant_1.10.14.v20230922-1200\lib\ant-swing.jar;C:\Users\Andreas\.p2\pool\plugins\org.apache.ant_1.10.14.v20230922-1200\lib\ant-testutil.jar;C:\Users\Andreas\.p2\pool\plugins\org.apache.ant_1.10.14.v20230922-1200\lib\ant-xz.jar;C:\Users\Andreas\.p2\pool\plugins\org.apache.ant_1.10.14.v20230922-1200\lib\ant.jar;C:\Users\Andreas\eclipse\java-2021-12\eclipse\configuration\org.eclipse.osgi\2171\0\.cp\lib\antdebug.jar;C:\Users\Andreas\eclipse\java-2021-12\eclipse\configuration\org.eclipse.osgi\2171\0\.cp\lib\remote.jar;C:\Users\Andreas\eclipse\java-2021-12\eclipse\configuration\org.eclipse.osgi\2172\0\.cp\lib\remoteAnt.jar;C:\Users\Andreas\.p2\pool\plugins\org.eclipse.swt.win32.win32.x86_64_3.124.200.v20231113-1355.jar" />
    <property name="java.vm.vendor" value="Eclipse Adoptium" />
    <property name="sun.arch.data.model" value="64" />
    <property name="user.variant" value="" />
    <property name="java.vendor.url" value="https://adoptium.net/" />
    <property name="java.vm.specification.version" value="17" />
    <property name="os.name" value="Windows 11" />
    <property name="user.country" value="DE" />
    <property name="sun.java.launcher" value="SUN_STANDARD" />
    <property name="sun.boot.library.path" value="C:\Program Files\Java\openjdk\jdk-17.0.2\bin" />
    <property name="sun.java.command" value="org.eclipse.ant.internal.launching.remote.InternalAntRunner -Dorg.eclipse.ant.core.ANT_PROCESS_ID=1704207501546 -Declipse.connect.port=57834 -Dant.home=C:\Users\Andreas\.p2\pool\plugins\org.apache.ant_1.10.14.v20230922-1200 -Djava.security.manager=allow -logger org.eclipse.ant.internal.launching.remote.logger.RemoteAntBuildLogger -inputhandler org.eclipse.ant.internal.ui.antsupport.inputhandler.ProxyInputHandler -buildfile C:\Users\Andreas\git\JSON\build.xml" />
    <property name="ant.file.type.Create all Jars for Project JsonReader" value="file" />
    <property name="jdk.debug" value="release" />
    <property name="sun.cpu.endian" value="little" />
    <property name="user.home" value="C:\Users\Andreas" />
    <property name="user.language" value="de" />
    <property name="java.specification.vendor" value="Oracle Corporation" />
    <property name="java.version.date" value="2022-01-18" />
    <property name="java.home" value="C:\Program Files\Java\openjdk\jdk-17.0.2" />
    <property name="version" value="23.3.0" />
    <property name="basedir" value="C:\Users\Andreas\git\JSON" />
    <property name="file.separator" value="\" />
    <property name="java.vm.compressedOopsMode" value="Zero based" />
    <property name="line.separator" value="&#xd;&#xa;" />
    <property name="ant.java.version" value="17" />
    <property name="java.specification.name" value="Java Platform API Specification" />
    <property name="java.vm.specification.vendor" value="Oracle Corporation" />
    <property name="projectsPath" value="C:\Users\Andreas/git" />
    <property name="user.script" value="" />
    <property name="sun.management.compiler" value="HotSpot 64-Bit Tiered Compilers" />
    <property name="java.runtime.version" value="17.0.2+8" />
    <property name="java.security.manager" value="allow" />
    <property name="user.name" value="Andreas" />
    <property name="ant.file" value="C:\Users\Andreas\git\JSON\build.xml" />
    <property name="stdout.encoding" value="UTF-8" />
    <property name="path.separator" value=";" />
    <property name="os.version" value="10.0" />
    <property name="buildPath" value="build" />
    <property name="java.runtime.name" value="OpenJDK Runtime Environment" />
    <property name="file.encoding" value="UTF-8" />
    <property name="ant.project.invoked-targets" value="build_jar" />
    <property name="java.vm.name" value="OpenJDK 64-Bit Server VM" />
    <property name="java.vendor.version" value="Temurin-17.0.2+8" />
    <property name="ant.core.lib" value="C:\Users\Andreas\.p2\pool\plugins\org.apache.ant_1.10.14.v20230922-1200\lib\ant.jar" />
    <property name="java.vendor.url.bug" value="https://github.com/adoptium/adoptium-support/issues" />
    <property name="java.io.tmpdir" value="C:\Users\Andreas\AppData\Local\Temp\" />
    <property name="java.version" value="17.0.2" />
    <property name="user.dir" value="C:\Users\Andreas\git\JSON" />
    <property name="os.arch" value="amd64" />
    <property name="java.vm.specification.name" value="Java Virtual Machine Specification" />
    <property name="ant.home" value="C:\Users\Andreas\.p2\pool\plugins\org.apache.ant_1.10.14.v20230922-1200" />
    <property name="sun.os.patch.level" value="" />
    <property name="native.encoding" value="Cp1252" />
    <property name="ant.version" value="Apache Ant(TM) version 1.10.14 compiled on August 16 2023" />
    <property name="java.library.path" value="C:\Users\Andreas\eclipse\java-2021-12\eclipse;C:\WINDOWS\Sun\Java\bin;C:\WINDOWS\system32;C:\WINDOWS;C:\windows\system32;C:\windows;C:\windows\System32\Wbem;C:\windows\System32\WindowsPowerShell\v1.0\;C:\windows\System32\OpenSSH\;C:\Program Files (x86)\NVIDIA Corporation\PhysX\Common;C:\Program Files\NVIDIA Corporation\NVIDIA NvDLISR;C:\Program Files\dotnet\;C:\Program Files\PuTTY\;C:\Program Files\IDM Computer Solutions\UltraEdit;C:\WINDOWS\system32;C:\WINDOWS;C:\WINDOWS\System32\Wbem;C:\WINDOWS\System32\WindowsPowerShell\v1.0\;C:\WINDOWS\System32\OpenSSH\;C:\Users\Andreas\AppData\Local\Microsoft\WindowsApps;C:\Program Files\Java\openjdk\jdk-17.0.2\bin;;.;C:\Users\Andreas\eclipse\java-2021-12\eclipse\configuration\org.eclipse.osgi\2329\0\.cp" />
    <property name="java.vendor" value="Eclipse Adoptium" />
    <property name="stderr.encoding" value="UTF-8" />
    <property name="java.vm.info" value="mixed mode, sharing" />
    <property name="java.vm.version" value="17.0.2+8" />
    <property name="sun.io.unicode.encoding" value="UnicodeLittle" />
    <property name="java.class.version" value="61.0" />
    <property name="ant.file.Create all Jars for Project JsonReader" value="C:\Users\Andreas\git\JSON\build.xml" />
    <property name="ant.project.default-target" value="build_jar" />
  </properties>
  <testcase classname="de.soderer.utilities.json.JsonSchemaSuiteGitHubTest" name="testGitHubTestSuite" time="0.867">
    <error message="Not a valid JSON schema in test &apos;items with boolean schemas&apos;: Invalid JSON schema definition: Items data item is not an &apos;object&apos; at JSON schema path: $.items" type="java.lang.Exception">java.lang.Exception: Not a valid JSON schema in test &apos;items with boolean schemas&apos;: Invalid JSON schema definition: Items data item is not an &apos;object&apos; at JSON schema path: $.items
	at de.soderer.utilities.json.JsonSchemaSuiteGitHubTest.executeJsonSchemaTestCollection(JsonSchemaSuiteGitHubTest.java:170)
	at de.soderer.utilities.json.JsonSchemaSuiteGitHubTest.testGitHubTestSuite(JsonSchemaSuiteGitHubTest.java:90)
	at java.base/jdk.internal.reflect.NativeMethodAccessorImpl.invoke0(Native Method)
	at java.base/jdk.internal.reflect.NativeMethodAccessorImpl.invoke(NativeMethodAccessorImpl.java:77)
	at java.base/jdk.internal.reflect.DelegatingMethodAccessorImpl.invoke(DelegatingMethodAccessorImpl.java:43)
	at jdk.internal.reflect.GeneratedMethodAccessor4.invoke(Unknown Source)
	at java.base/jdk.internal.reflect.DelegatingMethodAccessorImpl.invoke(DelegatingMethodAccessorImpl.java:43)
	at org.eclipse.ant.internal.launching.remote.EclipseDefaultExecutor.executeTargets(EclipseDefaultExecutor.java:34)
	at org.eclipse.ant.internal.launching.remote.InternalAntRunner.run(InternalAntRunner.java:464)
	at org.eclipse.ant.internal.launching.remote.InternalAntRunner.main(InternalAntRunner.java:143)
Caused by: de.soderer.utilities.json.schema.JsonSchemaDefinitionError: Invalid JSON schema definition: Items data item is not an &apos;object&apos; at JSON schema path: $.items
	at de.soderer.utilities.json.schema.validator.ItemsValidator.&lt;init&gt;(ItemsValidator.java:50)
	at de.soderer.utilities.json.schema.JsonSchema.createValidators(JsonSchema.java:324)
	at de.soderer.utilities.json.schema.JsonSchema.&lt;init&gt;(JsonSchema.java:130)
	at de.soderer.utilities.json.JsonSchemaSuiteGitHubTest.executeJsonSchemaTestCollection(JsonSchemaSuiteGitHubTest.java:160)
</error>
  </testcase>
  <system-out><![CDATA[JSON-Schema-Test-Suite-23.1.0/tests/draft7/items.json
items with boolean schemas
{
	"items":
		[
			true,
			false
		]
}
]]></system-out>
  <system-err><![CDATA[de.soderer.utilities.json.schema.JsonSchemaDefinitionError: Invalid JSON schema definition: Items data item is not an 'object' at JSON schema path: $.items
	at de.soderer.utilities.json.schema.validator.ItemsValidator.<init>(ItemsValidator.java:50)
	at de.soderer.utilities.json.schema.JsonSchema.createValidators(JsonSchema.java:324)
	at de.soderer.utilities.json.schema.JsonSchema.<init>(JsonSchema.java:130)
	at de.soderer.utilities.json.JsonSchemaSuiteGitHubTest.executeJsonSchemaTestCollection(JsonSchemaSuiteGitHubTest.java:160)
	at de.soderer.utilities.json.JsonSchemaSuiteGitHubTest.testGitHubTestSuite(JsonSchemaSuiteGitHubTest.java:90)
	at java.base/jdk.internal.reflect.NativeMethodAccessorImpl.invoke0(Native Method)
	at java.base/jdk.internal.reflect.NativeMethodAccessorImpl.invoke(NativeMethodAccessorImpl.java:77)
	at java.base/jdk.internal.reflect.DelegatingMethodAccessorImpl.invoke(DelegatingMethodAccessorImpl.java:43)
	at java.base/java.lang.reflect.Method.invoke(Method.java:568)
	at org.junit.runners.model.FrameworkMethod$1.runReflectiveCall(FrameworkMethod.java:59)
	at org.junit.internal.runners.model.ReflectiveCallable.run(ReflectiveCallable.java:12)
	at org.junit.runners.model.FrameworkMethod.invokeExplosively(FrameworkMethod.java:56)
	at org.junit.internal.runners.statements.InvokeMethod.evaluate(InvokeMethod.java:17)
	at org.junit.runners.ParentRunner$3.evaluate(ParentRunner.java:306)
	at org.junit.runners.BlockJUnit4ClassRunner$1.evaluate(BlockJUnit4ClassRunner.java:100)
	at org.junit.runners.ParentRunner.runLeaf(ParentRunner.java:366)
	at org.junit.runners.BlockJUnit4ClassRunner.runChild(BlockJUnit4ClassRunner.java:103)
	at org.junit.runners.BlockJUnit4ClassRunner.runChild(BlockJUnit4ClassRunner.java:63)
	at org.junit.runners.ParentRunner$4.run(ParentRunner.java:331)
	at org.junit.runners.ParentRunner$1.schedule(ParentRunner.java:79)
	at org.junit.runners.ParentRunner.runChildren(ParentRunner.java:329)
	at org.junit.runners.ParentRunner.access$100(ParentRunner.java:66)
	at org.junit.runners.ParentRunner$2.evaluate(ParentRunner.java:293)
	at org.junit.runners.ParentRunner$3.evaluate(ParentRunner.java:306)
	at org.junit.runners.ParentRunner.run(ParentRunner.java:413)
	at junit.framework.JUnit4TestAdapter.run(JUnit4TestAdapter.java:50)
	at org.apache.tools.ant.taskdefs.optional.junit.JUnitTestRunner.run(JUnitTestRunner.java:535)
	at org.apache.tools.ant.taskdefs.optional.junit.JUnitTask.executeInVM(JUnitTask.java:1618)
	at org.apache.tools.ant.taskdefs.optional.junit.JUnitTask.execute(JUnitTask.java:1040)
	at org.apache.tools.ant.taskdefs.optional.junit.JUnitTask.executeOrQueue(JUnitTask.java:2163)
	at org.apache.tools.ant.taskdefs.optional.junit.JUnitTask.execute(JUnitTask.java:854)
	at org.apache.tools.ant.UnknownElement.execute(UnknownElement.java:299)
	at jdk.internal.reflect.GeneratedMethodAccessor4.invoke(Unknown Source)
	at java.base/jdk.internal.reflect.DelegatingMethodAccessorImpl.invoke(DelegatingMethodAccessorImpl.java:43)
	at java.base/java.lang.reflect.Method.invoke(Method.java:568)
	at org.apache.tools.ant.dispatch.DispatchUtils.execute(DispatchUtils.java:99)
	at org.apache.tools.ant.Task.perform(Task.java:350)
	at org.apache.tools.ant.Target.execute(Target.java:449)
	at org.apache.tools.ant.Target.performTasks(Target.java:470)
	at org.apache.tools.ant.Project.executeSortedTargets(Project.java:1401)
	at org.apache.tools.ant.Project.executeTarget(Project.java:1374)
	at org.apache.tools.ant.helper.DefaultExecutor.executeTargets(DefaultExecutor.java:41)
	at org.eclipse.ant.internal.launching.remote.EclipseDefaultExecutor.executeTargets(EclipseDefaultExecutor.java:34)
	at org.apache.tools.ant.Project.executeTargets(Project.java:1264)
	at org.eclipse.ant.internal.launching.remote.InternalAntRunner.run(InternalAntRunner.java:464)
	at org.eclipse.ant.internal.launching.remote.InternalAntRunner.main(InternalAntRunner.java:143)
]]></system-err>
</testsuite>
